<?xml version="1.0" encoding="UTF-8"?>
<testng-results skipped="0" failed="0" ignored="0" total="1" passed="1">
  <reporter-output>
  </reporter-output>
  <suite name="Default suite" duration-ms="46382" started-at="2021-08-25T08:10:48Z" finished-at="2021-08-25T08:11:35Z">
    <groups>
    </groups>
    <test name="Default test" duration-ms="46382" started-at="2021-08-25T08:10:48Z" finished-at="2021-08-25T08:11:35Z">
      <class name="javaPackage.TestNG_Practice">
        <test-method status="PASS" signature="f()[pri:0, instance:javaPackage.TestNG_Practice@159f197]" name="f" duration-ms="46115" started-at="2021-08-25T08:10:49Z" finished-at="2021-08-25T08:11:35Z">
          <reporter-output>
          </reporter-output>
        </test-method> <!-- f -->
      </class> <!-- javaPackage.TestNG_Practice -->
    </test> <!-- Default test -->
  </suite> <!-- Default suite -->
</testng-results>
